<?xml version="1.0" encoding="UTF-8"?>
<testsuite xmlns:xsi="http://www.w3.org/2001/XMLSchema-instance" xsi:noNamespaceSchemaLocation="https://maven.apache.org/surefire/maven-surefire-plugin/xsd/surefire-test-report.xsd" version="3.0.2" name="de.whs.mci.me76507.skatejudge.SkateJudgeApplicationTests" time="8.686" tests="1" errors="0" skipped="0" failures="0">
  <properties>
[...]
</properties>
  <testcase name="contextLoads" classname="de.whs.mci.me76507.skatejudge.SkateJudgeApplicationTests" time="0.652">
    <system-out><![CDATA[12:07:16.265 [main] INFO org.springframework.test.context.support.AnnotationConfigContextLoaderUtils -- Could not detect default configuration classes for test class [de.whs.mci.me76507.skatejudge.SkateJudgeApplicationTests]: SkateJudgeApplicationTests does not declare any static, non-private, non-final, nested classes annotated with @Configuration.
12:07:16.523 [main] INFO org.springframework.boot.test.context.SpringBootTestContextBootstrapper -- Found @SpringBootConfiguration de.whs.mci.me76507.skatejudge.SkateJudgeApplication for test class de.whs.mci.me76507.skatejudge.SkateJudgeApplicationTests

  .   ____          _            __ _ _
 /\\ / ___'_ __ _ _(_)_ __  __ _ \ \ \ \
( ( )\___ | '_ | '_| | '_ \/ _` | \ \ \ \
 \\/  ___)| |_)| | | | | || (_| |  ) ) ) )
  '  |____| .__|_| |_|_| |_\__, | / / / /
 =========|_|==============|___/=/_/_/_/

 :: Spring Boot ::                (v3.4.5)

2025-05-23T12:07:17.375+02:00  INFO 14520 --- [SkateJudge] [           main] d.w.m.m.s.SkateJudgeApplicationTests     : Starting SkateJudgeApplicationTests using Java 19.0.2 with PID 14520 (started by susku in C:\Users\susku\IdeaProjects\SkateJudge)
2025-05-23T12:07:17.375+02:00  INFO 14520 --- [SkateJudge] [           main] d.w.m.m.s.SkateJudgeApplicationTests     : No active profile set, falling back to 1 default profile: "default"
2025-05-23T12:07:18.113+02:00  INFO 14520 --- [SkateJudge] [           main] .s.d.r.c.RepositoryConfigurationDelegate : Bootstrapping Spring Data JPA repositories in DEFAULT mode.
2025-05-23T12:07:18.192+02:00  INFO 14520 --- [SkateJudge] [           main] .s.d.r.c.RepositoryConfigurationDelegate : Finished Spring Data repository scanning in 62 ms. Found 1 JPA repository interface.
2025-05-23T12:07:19.149+02:00  INFO 14520 --- [SkateJudge] [           main] o.hibernate.jpa.internal.util.LogHelper  : HHH000204: Processing PersistenceUnitInfo [name: default]
2025-05-23T12:07:19.258+02:00  INFO 14520 --- [SkateJudge] [           main] org.hibernate.Version                    : HHH000412: Hibernate ORM core version 6.6.13.Final
2025-05-23T12:07:19.317+02:00  INFO 14520 --- [SkateJudge] [           main] o.h.c.internal.RegionFactoryInitiator    : HHH000026: Second-level cache disabled
2025-05-23T12:07:19.885+02:00  INFO 14520 --- [SkateJudge] [           main] o.s.o.j.p.SpringPersistenceUnitInfo      : No LoadTimeWeaver setup: ignoring JPA class transformer
2025-05-23T12:07:19.970+02:00  INFO 14520 --- [SkateJudge] [           main] com.zaxxer.hikari.HikariDataSource       : HikariPool-1 - Starting...
2025-05-23T12:07:20.847+02:00  INFO 14520 --- [SkateJudge] [           main] com.zaxxer.hikari.pool.HikariPool        : HikariPool-1 - Added connection org.postgresql.jdbc.PgConnection@156cfa20
2025-05-23T12:07:20.847+02:00  INFO 14520 --- [SkateJudge] [           main] com.zaxxer.hikari.HikariDataSource       : HikariPool-1 - Start completed.
2025-05-23T12:07:20.926+02:00  WARN 14520 --- [SkateJudge] [           main] org.hibernate.orm.deprecation            : HHH90000025: PostgreSQLDialect does not need to be specified explicitly using 'hibernate.dialect' (remove the property setting and it will be selected by default)
2025-05-23T12:07:21.017+02:00  INFO 14520 --- [SkateJudge] [           main] org.hibernate.orm.connections.pooling    : HHH10001005: Database info:
	Database JDBC URL [Connecting through datasource 'HikariDataSource (HikariPool-1)']
	Database driver: undefined/unknown
	Database version: 15.8
	Autocommit mode: undefined/unknown
	Isolation level: undefined/unknown
	Minimum pool size: undefined/unknown
	Maximum pool size: undefined/unknown
2025-05-23T12:07:22.522+02:00  INFO 14520 --- [SkateJudge] [           main] o.h.e.t.j.p.i.JtaPlatformInitiator       : HHH000489: No JTA platform available (set 'hibernate.transaction.jta.platform' to enable JTA platform integration)
Hibernate: set client_min_messages = WARNING
Hibernate: drop table if exists prueflinge cascade
Hibernate: drop sequence if exists prueflinge_seq
Hibernate: create sequence prueflinge_seq start with 1 increment by 50
Hibernate: create table prueflinge (a1a bigint not null, a1b bigint not null, a1c bigint not null, a1d bigint not null, id bigint not null, name varchar(255), verein varchar(255), vorname varchar(255), primary key (id))
2025-05-23T12:07:22.745+02:00  INFO 14520 --- [SkateJudge] [           main] j.LocalContainerEntityManagerFactoryBean : Initialized JPA EntityManagerFactory for persistence unit 'default'
2025-05-23T12:07:23.417+02:00  WARN 14520 --- [SkateJudge] [           main] JpaBaseConfiguration$JpaWebConfiguration : spring.jpa.open-in-view is enabled by default. Therefore, database queries may be performed during view rendering. Explicitly configure spring.jpa.open-in-view to disable this warning
2025-05-23T12:07:24.043+02:00  INFO 14520 --- [SkateJudge] [           main] d.w.m.m.s.SkateJudgeApplicationTests     : Started SkateJudgeApplicationTests in 7.184 seconds (process running for 8.88)
]]></system-out>
  </testcase>
</testsuite>